#
# A fatal error has been detected by the Java Runtime Environment:
#
#  EXCEPTION_ACCESS_VIOLATION (0xc0000005) at pc=0x0000020f61301066, pid=3268, tid=17340
#
# JRE version: OpenJDK Runtime Environment Temurin-17.0.2+8 (17.0.2+8) (build 17.0.2+8)
# Java VM: OpenJDK 64-Bit Server VM Temurin-17.0.2+8 (17.0.2+8, mixed mode, sharing, tiered, compressed oops, compressed class ptrs, g1 gc, windows-amd64)
# Problematic frame:
# C  [OpenAL64.dll+0x11066]
#
# No core dump will be written. Minidumps are not enabled by default on client versions of Windows
#
# If you would like to submit a bug report, please visit:
#   https://github.com/adoptium/adoptium-support/issues
# The crash happened outside the Java Virtual Machine in native code.
# See problematic frame for where to report the bug.
#

---------------  S U M M A R Y ------------

Command Line: -Duser.language=es_AR -Dfile.encoding=UTF-8 org.uqbar.project.wollok.launch.WollokLauncher -requestsPort 0 -eventsPort 0 -folder -dontValidate -coercingStrategy decimals -wf src/program.wpgm -darkMode

Host: AMD Ryzen 5 5500U with Radeon Graphics         , 12 cores, 15G,  Windows 10 , 64 bit Build 19041 (10.0.19041.1706)
Time: Thu Jun  9 02:56:40 2022 Hora estándar de Argentina elapsed time: 1.989042 seconds (0d 0h 0m 1s)

---------------  T H R E A D  ---------------

Current thread (0x0000020f3bc61260):  JavaThread "main" [_thread_in_native, id=17340, stack(0x0000008960f00000,0x0000008961000000)]

Stack: [0x0000008960f00000,0x0000008961000000],  sp=0x0000008960ffccb0,  free space=1011k
Native frames: (J=compiled Java code, j=interpreted, Vv=VM code, C=native code)
C  [OpenAL64.dll+0x11066]

Java frames: (J=compiled Java code, j=interpreted, Vv=VM code)
j  org.lwjgl.openal.ALC10.nalcCreateContext(JJ)J+0
j  org.lwjgl.openal.ALC10.alcCreateContext(Lorg/lwjgl/openal/ALCdevice;Ljava/nio/IntBuffer;)Lorg/lwjgl/openal/ALCcontext;+8
j  org.lwjgl.openal.AL.init(Ljava/lang/String;IIZZ)V+69
j  org.lwjgl.openal.AL.create(Ljava/lang/String;IIZZ)V+246
j  org.lwjgl.openal.AL.create(Ljava/lang/String;IIZ)V+5
j  org.lwjgl.openal.AL.create()V+6
j  com.badlogic.gdx.backends.lwjgl.audio.OpenALAudio.<init>(III)V+114
j  com.badlogic.gdx.backends.lwjgl.LwjglApplication.<init>(Lcom/badlogic/gdx/ApplicationListener;Lcom/badlogic/gdx/backends/lwjgl/LwjglApplicationConfiguration;Lcom/badlogic/gdx/backends/lwjgl/LwjglGraphics;)V+120
j  com.badlogic.gdx.backends.lwjgl.LwjglApplication.<init>(Lcom/badlogic/gdx/ApplicationListener;Lcom/badlogic/gdx/backends/lwjgl/LwjglApplicationConfiguration;)V+11
j  org.uqbar.project.wollok.game.gameboard.WollokGDXApplication.<init>(Lorg/uqbar/project/wollok/game/gameboard/Gameboard;Ljava/lang/Boolean;)V+17
j  org.uqbar.project.wollok.game.helpers.Application.start(Lorg/uqbar/project/wollok/game/gameboard/Gameboard;Ljava/lang/Boolean;)V+5
j  org.uqbar.project.wollok.game.gameboard.Gameboard.start(Ljava/lang/Boolean;)V+13
j  wollok.game.GameObject.doStart(Ljava/lang/Boolean;)V+12
v  ~StubRoutines::call_stub
j  jdk.internal.reflect.NativeMethodAccessorImpl.invoke0(Ljava/lang/reflect/Method;Ljava/lang/Object;[Ljava/lang/Object;)Ljava/lang/Object;+0 java.base@17.0.2
j  jdk.internal.reflect.NativeMethodAccessorImpl.invoke(Ljava/lang/Object;[Ljava/lang/Object;)Ljava/lang/Object;+133 java.base@17.0.2
J 2879 c1 jdk.internal.reflect.DelegatingMethodAccessorImpl.invoke(Ljava/lang/Object;[Ljava/lang/Object;)Ljava/lang/Object; java.base@17.0.2 (10 bytes) @ 0x0000020f4426e94c [0x0000020f4426e840+0x000000000000010c]
J 2878 c1 java.lang.reflect.Method.invoke(Ljava/lang/Object;[Ljava/lang/Object;)Ljava/lang/Object; java.base@17.0.2 (65 bytes) @ 0x0000020f4426e3c4 [0x0000020f4426e080+0x0000000000000344]
j  org.uqbar.project.wollok.ui.utils.XTendUtilExtensions.invokeConvertingArgs(Ljava/lang/reflect/Method;Ljava/lang/Object;[Ljava/lang/Object;)Lorg/uqbar/project/wollok/interpreter/core/WollokObject;+261
j  org.uqbar.project.wollok.interpreter.AbstractWollokCallable._invokeNative(Ljava/lang/Object;Ljava/lang/String;[Lorg/uqbar/project/wollok/interpreter/core/WollokObject;)Lorg/uqbar/project/wollok/interpreter/core/WollokObject;+41
j  org.uqbar.project.wollok.interpreter.AbstractWollokCallable.invokeNative(Ljava/lang/Object;Ljava/lang/String;[Lorg/uqbar/project/wollok/interpreter/core/WollokObject;)Lorg/uqbar/project/wollok/interpreter/core/WollokObject;+26
j  org.uqbar.project.wollok.interpreter.AbstractWollokCallable$1.apply()Lorg/uqbar/project/wollok/interpreter/core/WollokObject;+55
j  org.uqbar.project.wollok.interpreter.AbstractWollokCallable$1.apply()Ljava/lang/Object;+1
j  org.uqbar.project.wollok.interpreter.threads.WThread.performOnStack(Lorg/eclipse/emf/ecore/EObject;Lorg/uqbar/project/wollok/interpreter/context/EvaluationContext;Lorg/eclipse/xtext/xbase/lib/Functions$Function0;)Lorg/uqbar/project/wollok/interpreter/core/WollokObject;+29
j  org.uqbar.project.wollok.interpreter.WollokInterpreter.performOnStack(Lorg/eclipse/emf/ecore/EObject;Lorg/uqbar/project/wollok/interpreter/context/EvaluationContext;Lorg/eclipse/xtext/xbase/lib/Functions$Function0;)Lorg/uqbar/project/wollok/interpreter/core/WollokObject;+7
j  org.uqbar.project.wollok.interpreter.AbstractWollokCallable.call(Lorg/uqbar/project/wollok/wollokDsl/WMethodDeclaration;[Lorg/uqbar/project/wollok/interpreter/core/WollokObject;)Lorg/uqbar/project/wollok/interpreter/core/WollokObject;+38
j  org.uqbar.project.wollok.interpreter.core.WollokObject.call(Ljava/lang/String;[Lorg/uqbar/project/wollok/interpreter/core/WollokObject;)Lorg/uqbar/project/wollok/interpreter/core/WollokObject;+55
j  org.uqbar.project.wollok.interpreter.WollokInterpreterEvaluator._evaluate(Lorg/uqbar/project/wollok/wollokDsl/WFeatureCall;)Lorg/uqbar/project/wollok/interpreter/core/WollokObject;+119
j  org.uqbar.project.wollok.launch.WollokLauncherInterpreterEvaluator.evaluate(Lorg/eclipse/emf/ecore/EObject;)Lorg/uqbar/project/wollok/interpreter/core/WollokObject;+412
j  org.uqbar.project.wollok.interpreter.WollokInterpreterEvaluator.evaluate(Lorg/eclipse/emf/ecore/EObject;)Ljava/lang/Object;+2
j  org.uqbar.project.wollok.interpreter.WollokInterpreter.eval(Lorg/eclipse/emf/ecore/EObject;)Lorg/uqbar/project/wollok/interpreter/core/WollokObject;+63
j  org.uqbar.project.wollok.interpreter.WollokInterpreterEvaluator.eval(Lorg/eclipse/emf/ecore/EObject;)Lorg/uqbar/project/wollok/interpreter/core/WollokObject;+5
j  org.uqbar.project.wollok.interpreter.WollokInterpreterEvaluator$1.apply(Lorg/uqbar/project/wollok/interpreter/core/WollokObject;Lorg/eclipse/emf/ecore/EObject;)Lorg/uqbar/project/wollok/interpreter/core/WollokObject;+5
j  org.uqbar.project.wollok.interpreter.WollokInterpreterEvaluator$1.apply(Ljava/lang/Object;Ljava/lang/Object;)Ljava/lang/Object;+9
j  org.eclipse.xtext.xbase.lib.IteratorExtensions.fold(Ljava/util/Iterator;Ljava/lang/Object;Lorg/eclipse/xtext/xbase/lib/Functions$Function2;)Ljava/lang/Object;+19
j  org.eclipse.xtext.xbase.lib.IterableExtensions.fold(Ljava/lang/Iterable;Ljava/lang/Object;Lorg/eclipse/xtext/xbase/lib/Functions$Function2;)Ljava/lang/Object;+8
j  org.uqbar.project.wollok.interpreter.WollokInterpreterEvaluator.evalAll(Ljava/lang/Iterable;)Lorg/uqbar/project/wollok/interpreter/core/WollokObject;+12
j  org.uqbar.project.wollok.interpreter.WollokInterpreterEvaluator._evaluate(Lorg/uqbar/project/wollok/wollokDsl/WBlockExpression;)Lorg/uqbar/project/wollok/interpreter/core/WollokObject;+34
j  org.uqbar.project.wollok.launch.WollokLauncherInterpreterEvaluator.evaluate(Lorg/eclipse/emf/ecore/EObject;)Lorg/uqbar/project/wollok/interpreter/core/WollokObject;+76
j  org.uqbar.project.wollok.interpreter.WollokInterpreterEvaluator.evaluate(Lorg/eclipse/emf/ecore/EObject;)Ljava/lang/Object;+2
j  org.uqbar.project.wollok.interpreter.WollokInterpreter.eval(Lorg/eclipse/emf/ecore/EObject;)Lorg/uqbar/project/wollok/interpreter/core/WollokObject;+63
j  org.uqbar.project.wollok.interpreter.AbstractWollokCallable.eval(Lorg/eclipse/emf/ecore/EObject;)Lorg/uqbar/project/wollok/interpreter/core/WollokObject;+5
j  org.uqbar.project.wollok.interpreter.AbstractWollokCallable$1.apply()Lorg/uqbar/project/wollok/interpreter/core/WollokObject;+110
j  org.uqbar.project.wollok.interpreter.AbstractWollokCallable$1.apply()Ljava/lang/Object;+1
j  org.uqbar.project.wollok.interpreter.threads.WThread.performOnStack(Lorg/eclipse/emf/ecore/EObject;Lorg/uqbar/project/wollok/interpreter/context/EvaluationContext;Lorg/eclipse/xtext/xbase/lib/Functions$Function0;)Lorg/uqbar/project/wollok/interpreter/core/WollokObject;+29
j  org.uqbar.project.wollok.interpreter.WollokInterpreter.performOnStack(Lorg/eclipse/emf/ecore/EObject;Lorg/uqbar/project/wollok/interpreter/context/EvaluationContext;Lorg/eclipse/xtext/xbase/lib/Functions$Function0;)Lorg/uqbar/project/wollok/interpreter/core/WollokObject;+7
j  org.uqbar.project.wollok.interpreter.AbstractWollokCallable.call(Lorg/uqbar/project/wollok/wollokDsl/WMethodDeclaration;[Lorg/uqbar/project/wollok/interpreter/core/WollokObject;)Lorg/uqbar/project/wollok/interpreter/core/WollokObject;+38
j  org.uqbar.project.wollok.interpreter.core.WollokObject.call(Ljava/lang/String;[Lorg/uqbar/project/wollok/interpreter/core/WollokObject;)Lorg/uqbar/project/wollok/interpreter/core/WollokObject;+55
j  org.uqbar.project.wollok.interpreter.WollokInterpreterEvaluator._evaluate(Lorg/uqbar/project/wollok/wollokDsl/WFeatureCall;)Lorg/uqbar/project/wollok/interpreter/core/WollokObject;+119
j  org.uqbar.project.wollok.launch.WollokLauncherInterpreterEvaluator.evaluate(Lorg/eclipse/emf/ecore/EObject;)Lorg/uqbar/project/wollok/interpreter/core/WollokObject;+412
j  org.uqbar.project.wollok.interpreter.WollokInterpreterEvaluator.evaluate(Lorg/eclipse/emf/ecore/EObject;)Ljava/lang/Object;+2
j  org.uqbar.project.wollok.interpreter.WollokInterpreter.eval(Lorg/eclipse/emf/ecore/EObject;)Lorg/uqbar/project/wollok/interpreter/core/WollokObject;+63
j  org.uqbar.project.wollok.interpreter.WollokInterpreterEvaluator.eval(Lorg/eclipse/emf/ecore/EObject;)Lorg/uqbar/project/wollok/interpreter/core/WollokObject;+5
j  org.uqbar.project.wollok.interpreter.WollokInterpreterEvaluator$1.apply(Lorg/uqbar/project/wollok/interpreter/core/WollokObject;Lorg/eclipse/emf/ecore/EObject;)Lorg/uqbar/project/wollok/interpreter/core/WollokObject;+5
j  org.uqbar.project.wollok.interpreter.WollokInterpreterEvaluator$1.apply(Ljava/lang/Object;Ljava/lang/Object;)Ljava/lang/Object;+9
j  org.eclipse.xtext.xbase.lib.IteratorExtensions.fold(Ljava/util/Iterator;Ljava/lang/Object;Lorg/eclipse/xtext/xbase/lib/Functions$Function2;)Ljava/lang/Object;+19
j  org.eclipse.xtext.xbase.lib.IterableExtensions.fold(Ljava/lang/Iterable;Ljava/lang/Object;Lorg/eclipse/xtext/xbase/lib/Functions$Function2;)Ljava/lang/Object;+8
j  org.uqbar.project.wollok.interpreter.WollokInterpreterEvaluator.evalAll(Ljava/lang/Iterable;)Lorg/uqbar/project/wollok/interpreter/core/WollokObject;+12
j  org.uqbar.project.wollok.interpreter.WollokInterpreterEvaluator._evaluate(Lorg/uqbar/project/wollok/wollokDsl/WProgram;)Lorg/uqbar/project/wollok/interpreter/core/WollokObject;+18
j  org.uqbar.project.wollok.launch.WollokLauncherInterpreterEvaluator.evaluate(Lorg/eclipse/emf/ecore/EObject;)Lorg/uqbar/project/wollok/interpreter/core/WollokObject;+444
j  org.uqbar.project.wollok.interpreter.WollokInterpreterEvaluator.evaluate(Lorg/eclipse/emf/ecore/EObject;)Ljava/lang/Object;+2
j  org.uqbar.project.wollok.interpreter.WollokInterpreter.eval(Lorg/eclipse/emf/ecore/EObject;)Lorg/uqbar/project/wollok/interpreter/core/WollokObject;+63
j  org.uqbar.project.wollok.interpreter.WollokInterpreterEvaluator.eval(Lorg/eclipse/emf/ecore/EObject;)Lorg/uqbar/project/wollok/interpreter/core/WollokObject;+5
j  org.uqbar.project.wollok.launch.WollokLauncherInterpreterEvaluator._evaluate(Lorg/uqbar/project/wollok/wollokDsl/WFile;)Lorg/uqbar/project/wollok/interpreter/core/WollokObject;+32
j  org.uqbar.project.wollok.launch.WollokLauncherInterpreterEvaluator.evaluate(Lorg/eclipse/emf/ecore/EObject;)Lorg/uqbar/project/wollok/interpreter/core/WollokObject;+428
j  org.uqbar.project.wollok.interpreter.WollokInterpreterEvaluator.evaluate(Lorg/eclipse/emf/ecore/EObject;)Ljava/lang/Object;+2
j  org.uqbar.project.wollok.interpreter.WollokInterpreter.interpret(Lorg/eclipse/emf/ecore/EObject;Ljava/lang/Boolean;)Lorg/uqbar/project/wollok/interpreter/core/WollokObject;+25
j  org.uqbar.project.wollok.interpreter.WollokInterpreter.interpret(Lorg/eclipse/emf/ecore/EObject;)Lorg/uqbar/project/wollok/interpreter/core/WollokObject;+8
j  org.uqbar.project.wollok.launch.WollokLauncher.doSomething(Lorg/uqbar/project/wollok/wollokDsl/WFile;Lcom/google/inject/Injector;Ljava/io/File;Lorg/uqbar/project/wollok/launch/WollokLauncherParameters;)V+109
j  org.uqbar.project.wollok.launch.WollokChecker.launch(Ljava/lang/String;Lorg/uqbar/project/wollok/launch/WollokLauncherParameters;)V+31
j  org.uqbar.project.wollok.launch.WollokChecker.doMain([Ljava/lang/String;)V+205
j  org.uqbar.project.wollok.launch.WollokLauncher.main([Ljava/lang/String;)V+8
v  ~StubRoutines::call_stub

siginfo: EXCEPTION_ACCESS_VIOLATION (0xc0000005), reading address 0x0000020f62bb5004


Register to memory mapping:

RIP=0x0000020f61301066 OpenAL64.dll
RAX=0x0000000000000004 is an unknown value
RBX=0x0000020f64f10090 points into unknown readable memory: 0x0000000100000002 | 02 00 00 00 01 00 00 00
RCX=0x0000020f62bb5008 is an unknown value
RDX=0x0000020f62bb5004 is an unknown value
RSP=0x0000008960ffccb0 is pointing into the stack for thread: 0x0000020f3bc61260
RBP=0x00000000000000ff is an unknown value
RSI=0x0000020f62bb298c points into unknown readable memory: ff ff ff ff
RDI=0x0 is NULL
R8 =0x000000000000099e is an unknown value
R9 =0x0000020f62bb298c points into unknown readable memory: ff ff ff ff
R10=0x0000020f4372d5f2 is at code_begin+946 in an Interpreter codelet
method entry point (kind = native)  [0x0000020f4372d240, 0x0000020f4372dbc0]  2432 bytes
R11=0x0000000717550840 is an oop: java.lang.Class 
{0x0000000717550840} - klass: 'java/lang/Class'
 - ---- fields (total size 25 words):
 - private volatile transient 'classRedefinedCount' 'I' @12  0
 - private volatile transient 'cachedConstructor' 'Ljava/lang/reflect/Constructor;' @40  NULL (0)
 - private transient 'name' 'Ljava/lang/String;' @44  "org.lwjgl.openal.ALC10"{0x0000000717550918} (e2eaa123)
 - private transient 'module' 'Ljava/lang/Module;' @48  a 'java/lang/Module'{0x000000070aa9bb28} (e1553765)
 - private final 'classLoader' 'Ljava/lang/ClassLoader;' @52  a 'jdk/internal/loader/ClassLoaders$AppClassLoader'{0x000000070a8fd000} (e151fa00)
 - private transient 'classData' 'Ljava/lang/Object;' @56  NULL (0)
 - private transient 'packageName' 'Ljava/lang/String;' @60  "org.lwjgl.openal"{0x0000000717502320} (e2ea0464)
 - private final 'componentType' 'Ljava/lang/Class;' @64  NULL (0)
 - private volatile transient 'reflectionData' 'Ljava/lang/ref/SoftReference;' @68  NULL (0)
 - private volatile transient 'genericInfo' 'Lsun/reflect/generics/repository/ClassRepository;' @72  NULL (0)
 - private volatile transient 'enumConstants' '[Ljava/lang/Object;' @76  NULL (0)
 - private volatile transient 'enumConstantDirectory' 'Ljava/util/Map;' @80  NULL (0)
 - private volatile transient 'annotationData' 'Ljava/lang/Class$AnnotationData;' @84  NULL (0)
 - private volatile transient 'annotationType' 'Lsun/reflect/annotation/AnnotationType;' @88  NULL (0)
 - transient 'classValueMap' 'Ljava/lang/ClassValue$ClassValueMap;' @92  NULL (0)
 - signature: Lorg/lwjgl/openal/ALC10;
 - fake entry for mirror: 'org/lwjgl/openal/ALC10'
 - fake entry for array: NULL
 - fake entry for oop_size: 25
 - fake entry for static_oop_field_count: 2
 - static final 'contexts' 'Ljava/util/HashMap;' @112  a 'java/util/HashMap'{0x0000000717550990} (e2eaa132)
 - static final 'devices' 'Ljava/util/HashMap;' @116  a 'java/util/HashMap'{0x00000007175509c0} (e2eaa138)
 - public static final 'ALC_INVALID' 'I' @120  0
 - public static final 'ALC_FALSE' 'I' @124  0
 - public static final 'ALC_TRUE' 'I' @128  1
 - public static final 'ALC_NO_ERROR' 'I' @132  0
 - public static final 'ALC_MAJOR_VERSION' 'I' @136  4096 (1000)
 - public static final 'ALC_MINOR_VERSION' 'I' @140  4097 (1001)
 - public static final 'ALC_ATTRIBUTES_SIZE' 'I' @144  4098 (1002)
 - public static final 'ALC_ALL_ATTRIBUTES' 'I' @148  4099 (1003)
 - public static final 'ALC_DEFAULT_DEVICE_SPECIFIER' 'I' @152  4100 (1004)
 - public static final 'ALC_DEVICE_SPECIFIER' 'I' @156  4101 (1005)
 - public static final 'ALC_EXTENSIONS' 'I' @160  4102 (1006)
 - public static final 'ALC_FREQUENCY' 'I' @164  4103 (1007)
 - public static final 'ALC_REFRESH' 'I' @168  4104 (1008)
 - public static final 'ALC_SYNC' 'I' @172  4105 (1009)
 - public static final 'ALC_INVALID_DEVICE' 'I' @176  40961 (a001)
 - public static final 'ALC_INVALID_CONTEXT' 'I' @180  40962 (a002)
 - public static final 'ALC_INVALID_ENUM' 'I' @184  40963 (a003)
 - public static final 'ALC_INVALID_VALUE' 'I' @188  40964 (a004)
 - public static final 'ALC_OUT_OF_MEMORY' 'I' @192  40965 (a005)
R12=0x0000000000000001 is an unknown value
R13={method} {0x0000020f61ad46a0} 'nalcCreateContext' '(JJ)J' in 'org/lwjgl/openal/ALC10'
R14=0x0000008960ffce50 is pointing into the stack for thread: 0x0000020f3bc61260
R15=0x0000020f3bc61260 is a thread


Registers:
RAX=0x0000000000000004, RBX=0x0000020f64f10090, RCX=0x0000020f62bb5008, RDX=0x0000020f62bb5004
RSP=0x0000008960ffccb0, RBP=0x00000000000000ff, RSI=0x0000020f62bb298c, RDI=0x0000000000000000
R8 =0x000000000000099e, R9 =0x0000020f62bb298c, R10=0x0000020f4372d5f2, R11=0x0000000717550840
R12=0x0000000000000001, R13=0x0000020f61ad4698, R14=0x0000008960ffce50, R15=0x0000020f3bc61260
RIP=0x0000020f61301066, EFLAGS=0x0000000000010202

Top of Stack: (sp=0x0000008960ffccb0)
0x0000008960ffccb0:   0000020f61ad4698 0000020f3bc61260
0x0000008960ffccc0:   0000000200000004 0000000000000002
0x0000008960ffccd0:   0000020f3bc61740 0000002800000003
0x0000008960ffcce0:   0000020f3bc61260 0000008960ffce50
0x0000008960ffccf0:   0000000000000000 0000000000000000
0x0000008960ffcd00:   00000000000001c0 0000020f61ad4698
0x0000008960ffcd10:   0000008960ffce18 00007ffddd941c52
0x0000008960ffcd20:   0000020f3bc61260 0000008960ffce50
0x0000008960ffcd30:   0000020f61ad4698 0000000000000000
0x0000008960ffcd40:   0000020f62bb298c 00000000000001c0
0x0000008960ffcd50:   0000008960ffce18 0000020f6130248f
0x0000008960ffcd60:   0000020f64f10090 0000020f64f10090
0x0000008960ffcd70:   0000020f0000ac44 0000000000000004
0x0000008960ffcd80:   0000000000000000 0000020f4372d621
0x0000008960ffcd90:   0000020f61ad4698 0000020f4372d33c
0x0000008960ffcda0:   0000020f61ad4698 00000000000001c0 

Instructions: (pc=0x0000020f61301066)
0x0000020f61300f66:   b0 00 00 00 0f ba a3 fc 00 00 00 1f 44 89 9c 24
0x0000020f61300f76:   b0 00 00 00 73 15 48 8b 83 f8 61 01 00 48 8b cb
0x0000020f61300f86:   ff 50 20 44 8b 9c 24 b0 00 00 00 0f ba b3 fc 00
0x0000020f61300f96:   00 00 1f 44 89 7b 38 44 89 6b 44 44 89 73 48 e9
0x0000020f61300fa6:   56 01 00 00 83 3d 4f 94 04 00 02 0f 8c 8e fe ff
0x0000020f61300fb6:   ff 4c 8d 05 a2 2c 03 00 e9 6f fe ff ff 48 3b d7
0x0000020f61300fc6:   0f 84 3f 01 00 00 39 3a 0f 84 37 01 00 00 0f ba
0x0000020f61300fd6:   a1 fc 00 00 00 1f 73 0a 48 8b 81 f8 61 01 00 ff
0x0000020f61300fe6:   50 20 8b 43 38 0f ba b3 fc 00 00 00 1f 8b 6b 64
0x0000020f61300ff6:   44 8b 63 68 89 84 24 c0 00 00 00 8b 43 6c 89 84
0x0000020f61301006:   24 c8 00 00 00 4c 8b c7 39 3e 74 58 48 8b d6 48
0x0000020f61301016:   8d 4e 04 81 3a 07 10 00 00 75 10 8b 01 83 8b fc
0x0000020f61301026:   00 00 00 02 89 84 24 c0 00 00 00 81 3a 11 10 00
0x0000020f61301036:   00 75 10 8b 6b 5c 44 8b 21 44 3b e5 44 0f 47 e5
0x0000020f61301046:   41 2b ec 81 3a 03 00 02 00 75 09 8b 01 89 84 24
0x0000020f61301056:   c8 00 00 00 49 83 c0 02 48 83 c1 08 4a 8d 14 86
0x0000020f61301066:   39 3a 75 af 4c 8d 84 24 c0 00 00 00 48 8d 15 d7
0x0000020f61301076:   2b 03 00 33 c9 e8 58 5f 00 00 b8 40 1f 00 00 4c
0x0000020f61301086:   8d 84 24 c8 00 00 00 39 84 24 c0 00 00 00 48 8d
0x0000020f61301096:   15 e9 2b 03 00 0f 47 84 24 c0 00 00 00 33 c9 89
0x0000020f613010a6:   84 24 c0 00 00 00 e8 27 5f 00 00 8b 43 3c 44 8b
0x0000020f613010b6:   84 24 c0 00 00 00 8b 4b 38 41 bb 04 00 00 00 44
0x0000020f613010c6:   39 9c 24 c8 00 00 00 44 0f 42 9c 24 c8 00 00 00
0x0000020f613010d6:   33 d2 44 89 9c 24 c8 00 00 00 49 0f af c0 48 f7
0x0000020f613010e6:   f1 89 43 3c f6 05 43 b6 04 00 01 74 09 83 c0 03
0x0000020f613010f6:   83 e0 fc 89 43 3c 44 89 43 38 44 89 5b 6c 44 89
0x0000020f61301106:   63 68 89 6b 64 44 8b 9b fc 00 00 00 41 0f ba e3
0x0000020f61301116:   1f 0f 82 6a 05 00 00 44 8b 6b 38 8b 6b 44 44 8b
0x0000020f61301126:   63 48 41 bf 03 00 00 00 48 8d 35 5b 2b 03 00 4c
0x0000020f61301136:   8d 35 80 dc 02 00 44 39 3d bd 92 04 00 0f 8c 81
0x0000020f61301146:   00 00 00 4c 8d 15 88 28 03 00 4c 8d 35 f5 2a 03
0x0000020f61301156:   00 41 f6 c3 02 4d 8b ca 41 8b cc 4d 0f 45 ce e8 


Stack slot to memory mapping:
stack at sp + 0 slots: {method} {0x0000020f61ad46a0} 'nalcCreateContext' '(JJ)J' in 'org/lwjgl/openal/ALC10'
stack at sp + 1 slots: 0x0000020f3bc61260 is a thread
stack at sp + 2 slots: 0x0000000200000004 is an unknown value
stack at sp + 3 slots: 0x0000000000000002 is an unknown value
stack at sp + 4 slots: 0x0000020f3bc61740 points into unknown readable memory: 0x6e616c2e6176616a | 6a 61 76 61 2e 6c 61 6e
stack at sp + 5 slots: 0x0000002800000003 is an unknown value
stack at sp + 6 slots: 0x0000020f3bc61260 is a thread
stack at sp + 7 slots: 0x0000008960ffce50 is pointing into the stack for thread: 0x0000020f3bc61260


---------------  P R O C E S S  ---------------

Threads class SMR info:
_java_thread_list=0x0000020f5fbb82b0, length=16, elements={
0x0000020f3bc61260, 0x0000020f5ead9090, 0x0000020f5eadad80, 0x0000020f5eaeeae0,
0x0000020f5eaef490, 0x0000020f5eaf26f0, 0x0000020f5eaf0f20, 0x0000020f5eaf8b30,
0x0000020f5eaf9040, 0x0000020f5eafb950, 0x0000020f5f671180, 0x0000020f5f689d80,
0x0000020f5fa11800, 0x0000020f60012500, 0x0000020f6079e460, 0x0000020f6052b4b0
}

Java Threads: ( => current thread )
=>0x0000020f3bc61260 JavaThread "main" [_thread_in_native, id=17340, stack(0x0000008960f00000,0x0000008961000000)]
  0x0000020f5ead9090 JavaThread "Reference Handler" daemon [_thread_blocked, id=19832, stack(0x0000008961600000,0x0000008961700000)]
  0x0000020f5eadad80 JavaThread "Finalizer" daemon [_thread_blocked, id=19812, stack(0x0000008961700000,0x0000008961800000)]
  0x0000020f5eaeeae0 JavaThread "Signal Dispatcher" daemon [_thread_blocked, id=20060, stack(0x0000008961800000,0x0000008961900000)]
  0x0000020f5eaef490 JavaThread "Attach Listener" daemon [_thread_blocked, id=4704, stack(0x0000008961900000,0x0000008961a00000)]
  0x0000020f5eaf26f0 JavaThread "Service Thread" daemon [_thread_blocked, id=19760, stack(0x0000008961a00000,0x0000008961b00000)]
  0x0000020f5eaf0f20 JavaThread "Monitor Deflation Thread" daemon [_thread_blocked, id=11040, stack(0x0000008961b00000,0x0000008961c00000)]
  0x0000020f5eaf8b30 JavaThread "C2 CompilerThread0" daemon [_thread_in_native, id=14928, stack(0x0000008961c00000,0x0000008961d00000)]
  0x0000020f5eaf9040 JavaThread "C1 CompilerThread0" daemon [_thread_blocked, id=3896, stack(0x0000008961d00000,0x0000008961e00000)]
  0x0000020f5eafb950 JavaThread "Sweeper thread" daemon [_thread_blocked, id=13492, stack(0x0000008961e00000,0x0000008961f00000)]
  0x0000020f5f671180 JavaThread "Notification Thread" daemon [_thread_blocked, id=12492, stack(0x0000008961f00000,0x0000008962000000)]
  0x0000020f5f689d80 JavaThread "Common-Cleaner" daemon [_thread_blocked, id=17000, stack(0x0000008962100000,0x0000008962200000)]
  0x0000020f5fa11800 JavaThread "C2 CompilerThread1" daemon [_thread_in_native, id=8552, stack(0x0000008962200000,0x0000008962300000)]
  0x0000020f60012500 JavaThread "C2 CompilerThread2" daemon [_thread_in_native, id=3124, stack(0x0000008962300000,0x0000008962400000)]
  0x0000020f6079e460 JavaThread "EMF Reference Cleaner" daemon [_thread_blocked, id=19620, stack(0x0000008962800000,0x0000008962900000)]
  0x0000020f6052b4b0 JavaThread "com.google.inject.internal.util.$Finalizer" daemon [_thread_blocked, id=19992, stack(0x0000008962c00000,0x0000008962d00000)]

Other Threads:
  0x0000020f5ead4470 VMThread "VM Thread" [stack: 0x0000008961500000,0x0000008961600000] [id=19660]
  0x0000020f5f673e70 WatcherThread [stack: 0x0000008962000000,0x0000008962100000] [id=9784]
  0x0000020f3bcafc30 GCTaskThread "GC Thread#0" [stack: 0x0000008961000000,0x0000008961100000] [id=10420]
  0x0000020f5f862980 GCTaskThread "GC Thread#1" [stack: 0x0000008962400000,0x0000008962500000] [id=15148]
  0x0000020f5f862c30 GCTaskThread "GC Thread#2" [stack: 0x0000008962500000,0x0000008962600000] [id=14676]
  0x0000020f602d99b0 GCTaskThread "GC Thread#3" [stack: 0x0000008962600000,0x0000008962700000] [id=19428]
  0x0000020f5fb15ef0 GCTaskThread "GC Thread#4" [stack: 0x0000008962700000,0x0000008962800000] [id=8712]
  0x0000020f5fb15180 GCTaskThread "GC Thread#5" [stack: 0x0000008962900000,0x0000008962a00000] [id=4660]
  0x0000020f5fb14c20 GCTaskThread "GC Thread#6" [stack: 0x0000008962a00000,0x0000008962b00000] [id=20188]
  0x0000020f5fb156e0 GCTaskThread "GC Thread#7" [stack: 0x0000008962b00000,0x0000008962c00000] [id=2644]
  0x0000020f5fb161a0 GCTaskThread "GC Thread#8" [stack: 0x0000008962d00000,0x0000008962e00000] [id=8692]
  0x0000020f5fb15990 GCTaskThread "GC Thread#9" [stack: 0x0000008962e00000,0x0000008962f00000] [id=13720]
  0x0000020f3bcdd420 ConcurrentGCThread "G1 Main Marker" [stack: 0x0000008961100000,0x0000008961200000] [id=12676]
  0x0000020f3bcdee40 ConcurrentGCThread "G1 Conc#0" [stack: 0x0000008961200000,0x0000008961300000] [id=13524]
  0x0000020f3bd2e0d0 ConcurrentGCThread "G1 Refine#0" [stack: 0x0000008961300000,0x0000008961400000] [id=11460]
  0x0000020f3bd2e9f0 ConcurrentGCThread "G1 Service" [stack: 0x0000008961400000,0x0000008961500000] [id=19728]

Threads with active compile tasks:
C2 CompilerThread0     2044 3044       4       org.eclipse.xtext.scoping.Scopes$2::apply (31 bytes)
C2 CompilerThread1     2044 3029       4       org.eclipse.xtext.util.OnChangeEvictingCache::get (75 bytes)
C2 CompilerThread2     2044 3043       4       org.eclipse.xtext.scoping.Scopes$2::apply (9 bytes)

VM state: not at safepoint (normal execution)

VM Mutex/Monitor currently owned by a thread: None

Heap address: 0x000000070a600000, size: 3930 MB, Compressed Oops mode: Zero based, Oop shift amount: 3

CDS archive(s) mapped at: [0x0000000800000000-0x0000000800bc0000-0x0000000800bc0000), size 12320768, SharedBaseAddress: 0x0000000800000000, ArchiveRelocationMode: 0.
Compressed class space mapped at: 0x0000000800c00000-0x0000000840c00000, reserved size: 1073741824
Narrow klass base: 0x0000000800000000, Narrow klass shift: 0, Narrow klass range: 0x100000000

GC Precious Log:
 CPUs: 12 total, 12 available
 Memory: 15713M
 Large Page Support: Disabled
 NUMA Support: Disabled
 Compressed Oops: Enabled (Zero based)
 Heap Region Size: 2M
 Heap Min Capacity: 8M
 Heap Initial Capacity: 246M
 Heap Max Capacity: 3930M
 Pre-touch: Disabled
 Parallel Workers: 10
 Concurrent Workers: 3
 Concurrent Refinement Workers: 10
 Periodic GC: Disabled

Heap:
 garbage-first heap   total 251904K, used 56449K [0x000000070a600000, 0x0000000800000000)
  region size 2048K, 23 young (47104K), 3 survivors (6144K)
 Metaspace       used 17664K, committed 17792K, reserved 1064960K
  class space    used 2220K, committed 2304K, reserved 1048576K

Heap Regions: E=young(eden), S=young(survivor), O=old, HS=humongous(starts), HC=humongous(continues), CS=collection set, F=free, OA=open archive, CA=closed archive, TAMS=top-at-mark-start (previous, next)
|   0|0x000000070a600000, 0x000000070a800000, 0x000000070a800000|100%| O|  |TAMS 0x000000070a600000, 0x000000070a600000| Untracked 
|   1|0x000000070a800000, 0x000000070aa00000, 0x000000070aa00000|100%| O|  |TAMS 0x000000070a800000, 0x000000070a800000| Untracked 
|   2|0x000000070aa00000, 0x000000070ac00000, 0x000000070ac00000|100%| O|  |TAMS 0x000000070aa00000, 0x000000070aa00000| Untracked 
|   3|0x000000070ac00000, 0x000000070ae00000, 0x000000070ae00000|100%| O|  |TAMS 0x000000070ac00000, 0x000000070ac00000| Untracked 
|   4|0x000000070ae00000, 0x000000070b000000, 0x000000070b000000|100%| O|  |TAMS 0x000000070ae00000, 0x000000070ae00000| Untracked 
|   5|0x000000070b000000, 0x000000070b120400, 0x000000070b200000| 56%| O|  |TAMS 0x000000070b000000, 0x000000070b000000| Untracked 
|   6|0x000000070b200000, 0x000000070b200000, 0x000000070b400000|  0%| F|  |TAMS 0x000000070b200000, 0x000000070b200000| Untracked 
|   7|0x000000070b400000, 0x000000070b400000, 0x000000070b600000|  0%| F|  |TAMS 0x000000070b400000, 0x000000070b400000| Untracked 
|   8|0x000000070b600000, 0x000000070b600000, 0x000000070b800000|  0%| F|  |TAMS 0x000000070b600000, 0x000000070b600000| Untracked 
|   9|0x000000070b800000, 0x000000070b800000, 0x000000070ba00000|  0%| F|  |TAMS 0x000000070b800000, 0x000000070b800000| Untracked 
|  10|0x000000070ba00000, 0x000000070ba00000, 0x000000070bc00000|  0%| F|  |TAMS 0x000000070ba00000, 0x000000070ba00000| Untracked 
|  11|0x000000070bc00000, 0x000000070bc00000, 0x000000070be00000|  0%| F|  |TAMS 0x000000070bc00000, 0x000000070bc00000| Untracked 
|  12|0x000000070be00000, 0x000000070be00000, 0x000000070c000000|  0%| F|  |TAMS 0x000000070be00000, 0x000000070be00000| Untracked 
|  13|0x000000070c000000, 0x000000070c000000, 0x000000070c200000|  0%| F|  |TAMS 0x000000070c000000, 0x000000070c000000| Untracked 
|  14|0x000000070c200000, 0x000000070c200000, 0x000000070c400000|  0%| F|  |TAMS 0x000000070c200000, 0x000000070c200000| Untracked 
|  15|0x000000070c400000, 0x000000070c400000, 0x000000070c600000|  0%| F|  |TAMS 0x000000070c400000, 0x000000070c400000| Untracked 
|  16|0x000000070c600000, 0x000000070c600000, 0x000000070c800000|  0%| F|  |TAMS 0x000000070c600000, 0x000000070c600000| Untracked 
|  17|0x000000070c800000, 0x000000070c800000, 0x000000070ca00000|  0%| F|  |TAMS 0x000000070c800000, 0x000000070c800000| Untracked 
|  18|0x000000070ca00000, 0x000000070ca00000, 0x000000070cc00000|  0%| F|  |TAMS 0x000000070ca00000, 0x000000070ca00000| Untracked 
|  19|0x000000070cc00000, 0x000000070cc00000, 0x000000070ce00000|  0%| F|  |TAMS 0x000000070cc00000, 0x000000070cc00000| Untracked 
|  20|0x000000070ce00000, 0x000000070ce00000, 0x000000070d000000|  0%| F|  |TAMS 0x000000070ce00000, 0x000000070ce00000| Untracked 
|  21|0x000000070d000000, 0x000000070d000000, 0x000000070d200000|  0%| F|  |TAMS 0x000000070d000000, 0x000000070d000000| Untracked 
|  22|0x000000070d200000, 0x000000070d200000, 0x000000070d400000|  0%| F|  |TAMS 0x000000070d200000, 0x000000070d200000| Untracked 
|  23|0x000000070d400000, 0x000000070d400000, 0x000000070d600000|  0%| F|  |TAMS 0x000000070d400000, 0x000000070d400000| Untracked 
|  24|0x000000070d600000, 0x000000070d600000, 0x000000070d800000|  0%| F|  |TAMS 0x000000070d600000, 0x000000070d600000| Untracked 
|  25|0x000000070d800000, 0x000000070d800000, 0x000000070da00000|  0%| F|  |TAMS 0x000000070d800000, 0x000000070d800000| Untracked 
|  26|0x000000070da00000, 0x000000070da00000, 0x000000070dc00000|  0%| F|  |TAMS 0x000000070da00000, 0x000000070da00000| Untracked 
|  27|0x000000070dc00000, 0x000000070dc00000, 0x000000070de00000|  0%| F|  |TAMS 0x000000070dc00000, 0x000000070dc00000| Untracked 
|  28|0x000000070de00000, 0x000000070de00000, 0x000000070e000000|  0%| F|  |TAMS 0x000000070de00000, 0x000000070de00000| Untracked 
|  29|0x000000070e000000, 0x000000070e000000, 0x000000070e200000|  0%| F|  |TAMS 0x000000070e000000, 0x000000070e000000| Untracked 
|  30|0x000000070e200000, 0x000000070e200000, 0x000000070e400000|  0%| F|  |TAMS 0x000000070e200000, 0x000000070e200000| Untracked 
|  31|0x000000070e400000, 0x000000070e400000, 0x000000070e600000|  0%| F|  |TAMS 0x000000070e400000, 0x000000070e400000| Untracked 
|  32|0x000000070e600000, 0x000000070e600000, 0x000000070e800000|  0%| F|  |TAMS 0x000000070e600000, 0x000000070e600000| Untracked 
|  33|0x000000070e800000, 0x000000070e800000, 0x000000070ea00000|  0%| F|  |TAMS 0x000000070e800000, 0x000000070e800000| Untracked 
|  34|0x000000070ea00000, 0x000000070ea00000, 0x000000070ec00000|  0%| F|  |TAMS 0x000000070ea00000, 0x000000070ea00000| Untracked 
|  35|0x000000070ec00000, 0x000000070ec00000, 0x000000070ee00000|  0%| F|  |TAMS 0x000000070ec00000, 0x000000070ec00000| Untracked 
|  36|0x000000070ee00000, 0x000000070ee00000, 0x000000070f000000|  0%| F|  |TAMS 0x000000070ee00000, 0x000000070ee00000| Untracked 
|  37|0x000000070f000000, 0x000000070f000000, 0x000000070f200000|  0%| F|  |TAMS 0x000000070f000000, 0x000000070f000000| Untracked 
|  38|0x000000070f200000, 0x000000070f200000, 0x000000070f400000|  0%| F|  |TAMS 0x000000070f200000, 0x000000070f200000| Untracked 
|  39|0x000000070f400000, 0x000000070f400000, 0x000000070f600000|  0%| F|  |TAMS 0x000000070f400000, 0x000000070f400000| Untracked 
|  40|0x000000070f600000, 0x000000070f600000, 0x000000070f800000|  0%| F|  |TAMS 0x000000070f600000, 0x000000070f600000| Untracked 
|  41|0x000000070f800000, 0x000000070f800000, 0x000000070fa00000|  0%| F|  |TAMS 0x000000070f800000, 0x000000070f800000| Untracked 
|  42|0x000000070fa00000, 0x000000070fa00000, 0x000000070fc00000|  0%| F|  |TAMS 0x000000070fa00000, 0x000000070fa00000| Untracked 
|  43|0x000000070fc00000, 0x000000070fc00000, 0x000000070fe00000|  0%| F|  |TAMS 0x000000070fc00000, 0x000000070fc00000| Untracked 
|  44|0x000000070fe00000, 0x000000070fe00000, 0x0000000710000000|  0%| F|  |TAMS 0x000000070fe00000, 0x000000070fe00000| Untracked 
|  45|0x0000000710000000, 0x0000000710000000, 0x0000000710200000|  0%| F|  |TAMS 0x0000000710000000, 0x0000000710000000| Untracked 
|  46|0x0000000710200000, 0x0000000710200000, 0x0000000710400000|  0%| F|  |TAMS 0x0000000710200000, 0x0000000710200000| Untracked 
|  47|0x0000000710400000, 0x0000000710400000, 0x0000000710600000|  0%| F|  |TAMS 0x0000000710400000, 0x0000000710400000| Untracked 
|  48|0x0000000710600000, 0x0000000710600000, 0x0000000710800000|  0%| F|  |TAMS 0x0000000710600000, 0x0000000710600000| Untracked 
|  49|0x0000000710800000, 0x0000000710800000, 0x0000000710a00000|  0%| F|  |TAMS 0x0000000710800000, 0x0000000710800000| Untracked 
|  50|0x0000000710a00000, 0x0000000710a00000, 0x0000000710c00000|  0%| F|  |TAMS 0x0000000710a00000, 0x0000000710a00000| Untracked 
|  51|0x0000000710c00000, 0x0000000710c00000, 0x0000000710e00000|  0%| F|  |TAMS 0x0000000710c00000, 0x0000000710c00000| Untracked 
|  52|0x0000000710e00000, 0x0000000710e00000, 0x0000000711000000|  0%| F|  |TAMS 0x0000000710e00000, 0x0000000710e00000| Untracked 
|  53|0x0000000711000000, 0x0000000711000000, 0x0000000711200000|  0%| F|  |TAMS 0x0000000711000000, 0x0000000711000000| Untracked 
|  54|0x0000000711200000, 0x0000000711200000, 0x0000000711400000|  0%| F|  |TAMS 0x0000000711200000, 0x0000000711200000| Untracked 
|  55|0x0000000711400000, 0x0000000711400000, 0x0000000711600000|  0%| F|  |TAMS 0x0000000711400000, 0x0000000711400000| Untracked 
|  56|0x0000000711600000, 0x0000000711600000, 0x0000000711800000|  0%| F|  |TAMS 0x0000000711600000, 0x0000000711600000| Untracked 
|  57|0x0000000711800000, 0x0000000711800000, 0x0000000711a00000|  0%| F|  |TAMS 0x0000000711800000, 0x0000000711800000| Untracked 
|  58|0x0000000711a00000, 0x0000000711a00000, 0x0000000711c00000|  0%| F|  |TAMS 0x0000000711a00000, 0x0000000711a00000| Untracked 
|  59|0x0000000711c00000, 0x0000000711c00000, 0x0000000711e00000|  0%| F|  |TAMS 0x0000000711c00000, 0x0000000711c00000| Untracked 
|  60|0x0000000711e00000, 0x0000000711e00000, 0x0000000712000000|  0%| F|  |TAMS 0x0000000711e00000, 0x0000000711e00000| Untracked 
|  61|0x0000000712000000, 0x0000000712000000, 0x0000000712200000|  0%| F|  |TAMS 0x0000000712000000, 0x0000000712000000| Untracked 
|  62|0x0000000712200000, 0x0000000712200000, 0x0000000712400000|  0%| F|  |TAMS 0x0000000712200000, 0x0000000712200000| Untracked 
|  63|0x0000000712400000, 0x0000000712400000, 0x0000000712600000|  0%| F|  |TAMS 0x0000000712400000, 0x0000000712400000| Untracked 
|  64|0x0000000712600000, 0x0000000712600000, 0x0000000712800000|  0%| F|  |TAMS 0x0000000712600000, 0x0000000712600000| Untracked 
|  65|0x0000000712800000, 0x0000000712800000, 0x0000000712a00000|  0%| F|  |TAMS 0x0000000712800000, 0x0000000712800000| Untracked 
|  66|0x0000000712a00000, 0x0000000712a00000, 0x0000000712c00000|  0%| F|  |TAMS 0x0000000712a00000, 0x0000000712a00000| Untracked 
|  67|0x0000000712c00000, 0x0000000712c00000, 0x0000000712e00000|  0%| F|  |TAMS 0x0000000712c00000, 0x0000000712c00000| Untracked 
|  68|0x0000000712e00000, 0x0000000712e00000, 0x0000000713000000|  0%| F|  |TAMS 0x0000000712e00000, 0x0000000712e00000| Untracked 
|  69|0x0000000713000000, 0x0000000713000000, 0x0000000713200000|  0%| F|  |TAMS 0x0000000713000000, 0x0000000713000000| Untracked 
|  70|0x0000000713200000, 0x0000000713200000, 0x0000000713400000|  0%| F|  |TAMS 0x0000000713200000, 0x0000000713200000| Untracked 
|  71|0x0000000713400000, 0x0000000713400000, 0x0000000713600000|  0%| F|  |TAMS 0x0000000713400000, 0x0000000713400000| Untracked 
|  72|0x0000000713600000, 0x0000000713600000, 0x0000000713800000|  0%| F|  |TAMS 0x0000000713600000, 0x0000000713600000| Untracked 
|  73|0x0000000713800000, 0x0000000713800000, 0x0000000713a00000|  0%| F|  |TAMS 0x0000000713800000, 0x0000000713800000| Untracked 
|  74|0x0000000713a00000, 0x0000000713a00000, 0x0000000713c00000|  0%| F|  |TAMS 0x0000000713a00000, 0x0000000713a00000| Untracked 
|  75|0x0000000713c00000, 0x0000000713c00000, 0x0000000713e00000|  0%| F|  |TAMS 0x0000000713c00000, 0x0000000713c00000| Untracked 
|  76|0x0000000713e00000, 0x0000000713e00000, 0x0000000714000000|  0%| F|  |TAMS 0x0000000713e00000, 0x0000000713e00000| Untracked 
|  77|0x0000000714000000, 0x0000000714000000, 0x0000000714200000|  0%| F|  |TAMS 0x0000000714000000, 0x0000000714000000| Untracked 
|  78|0x0000000714200000, 0x0000000714200000, 0x0000000714400000|  0%| F|  |TAMS 0x0000000714200000, 0x0000000714200000| Untracked 
|  79|0x0000000714400000, 0x0000000714400000, 0x0000000714600000|  0%| F|  |TAMS 0x0000000714400000, 0x0000000714400000| Untracked 
|  80|0x0000000714600000, 0x0000000714600000, 0x0000000714800000|  0%| F|  |TAMS 0x0000000714600000, 0x0000000714600000| Untracked 
|  81|0x0000000714800000, 0x0000000714800000, 0x0000000714a00000|  0%| F|  |TAMS 0x0000000714800000, 0x0000000714800000| Untracked 
|  82|0x0000000714a00000, 0x0000000714a00000, 0x0000000714c00000|  0%| F|  |TAMS 0x0000000714a00000, 0x0000000714a00000| Untracked 
|  83|0x0000000714c00000, 0x0000000714c00000, 0x0000000714e00000|  0%| F|  |TAMS 0x0000000714c00000, 0x0000000714c00000| Untracked 
|  84|0x0000000714e00000, 0x0000000714e00000, 0x0000000715000000|  0%| F|  |TAMS 0x0000000714e00000, 0x0000000714e00000| Untracked 
|  85|0x0000000715000000, 0x0000000715000000, 0x0000000715200000|  0%| F|  |TAMS 0x0000000715000000, 0x0000000715000000| Untracked 
|  86|0x0000000715200000, 0x0000000715200000, 0x0000000715400000|  0%| F|  |TAMS 0x0000000715200000, 0x0000000715200000| Untracked 
|  87|0x0000000715400000, 0x0000000715400000, 0x0000000715600000|  0%| F|  |TAMS 0x0000000715400000, 0x0000000715400000| Untracked 
|  88|0x0000000715600000, 0x0000000715600000, 0x0000000715800000|  0%| F|  |TAMS 0x0000000715600000, 0x0000000715600000| Untracked 
|  89|0x0000000715800000, 0x0000000715800000, 0x0000000715a00000|  0%| F|  |TAMS 0x0000000715800000, 0x0000000715800000| Untracked 
|  90|0x0000000715a00000, 0x0000000715a00000, 0x0000000715c00000|  0%| F|  |TAMS 0x0000000715a00000, 0x0000000715a00000| Untracked 
|  91|0x0000000715c00000, 0x0000000715c00000, 0x0000000715e00000|  0%| F|  |TAMS 0x0000000715c00000, 0x0000000715c00000| Untracked 
|  92|0x0000000715e00000, 0x0000000715e00000, 0x0000000716000000|  0%| F|  |TAMS 0x0000000715e00000, 0x0000000715e00000| Untracked 
|  93|0x0000000716000000, 0x0000000716000000, 0x0000000716200000|  0%| F|  |TAMS 0x0000000716000000, 0x0000000716000000| Untracked 
|  94|0x0000000716200000, 0x0000000716200000, 0x0000000716400000|  0%| F|  |TAMS 0x0000000716200000, 0x0000000716200000| Untracked 
|  95|0x0000000716400000, 0x0000000716400000, 0x0000000716600000|  0%| F|  |TAMS 0x0000000716400000, 0x0000000716400000| Untracked 
|  96|0x0000000716600000, 0x0000000716800000, 0x0000000716800000|100%| S|CS|TAMS 0x0000000716600000, 0x0000000716600000| Complete 
|  97|0x0000000716800000, 0x0000000716a00000, 0x0000000716a00000|100%| S|CS|TAMS 0x0000000716800000, 0x0000000716800000| Complete 
|  98|0x0000000716a00000, 0x0000000716c00000, 0x0000000716c00000|100%| S|CS|TAMS 0x0000000716a00000, 0x0000000716a00000| Complete 
|  99|0x0000000716c00000, 0x0000000716c00000, 0x0000000716e00000|  0%| F|  |TAMS 0x0000000716c00000, 0x0000000716c00000| Untracked 
| 100|0x0000000716e00000, 0x0000000716e00000, 0x0000000717000000|  0%| F|  |TAMS 0x0000000716e00000, 0x0000000716e00000| Untracked 
| 101|0x0000000717000000, 0x0000000717000000, 0x0000000717200000|  0%| F|  |TAMS 0x0000000717000000, 0x0000000717000000| Untracked 
| 102|0x0000000717200000, 0x0000000717200000, 0x0000000717400000|  0%| F|  |TAMS 0x0000000717200000, 0x0000000717200000| Untracked 
| 103|0x0000000717400000, 0x0000000717600000, 0x0000000717600000|100%| E|  |TAMS 0x0000000717400000, 0x0000000717400000| Complete 
| 104|0x0000000717600000, 0x0000000717800000, 0x0000000717800000|100%| E|CS|TAMS 0x0000000717600000, 0x0000000717600000| Complete 
| 105|0x0000000717800000, 0x0000000717a00000, 0x0000000717a00000|100%| E|CS|TAMS 0x0000000717800000, 0x0000000717800000| Complete 
| 106|0x0000000717a00000, 0x0000000717c00000, 0x0000000717c00000|100%| E|CS|TAMS 0x0000000717a00000, 0x0000000717a00000| Complete 
| 107|0x0000000717c00000, 0x0000000717e00000, 0x0000000717e00000|100%| E|CS|TAMS 0x0000000717c00000, 0x0000000717c00000| Complete 
| 108|0x0000000717e00000, 0x0000000718000000, 0x0000000718000000|100%| E|CS|TAMS 0x0000000717e00000, 0x0000000717e00000| Complete 
| 109|0x0000000718000000, 0x0000000718200000, 0x0000000718200000|100%| E|CS|TAMS 0x0000000718000000, 0x0000000718000000| Complete 
| 110|0x0000000718200000, 0x0000000718400000, 0x0000000718400000|100%| E|CS|TAMS 0x0000000718200000, 0x0000000718200000| Complete 
| 111|0x0000000718400000, 0x0000000718600000, 0x0000000718600000|100%| E|CS|TAMS 0x0000000718400000, 0x0000000718400000| Complete 
| 112|0x0000000718600000, 0x0000000718800000, 0x0000000718800000|100%| E|CS|TAMS 0x0000000718600000, 0x0000000718600000| Complete 
| 113|0x0000000718800000, 0x0000000718a00000, 0x0000000718a00000|100%| E|CS|TAMS 0x0000000718800000, 0x0000000718800000| Complete 
| 114|0x0000000718a00000, 0x0000000718c00000, 0x0000000718c00000|100%| E|CS|TAMS 0x0000000718a00000, 0x0000000718a00000| Complete 
| 115|0x0000000718c00000, 0x0000000718e00000, 0x0000000718e00000|100%| E|CS|TAMS 0x0000000718c00000, 0x0000000718c00000| Complete 
| 116|0x0000000718e00000, 0x0000000719000000, 0x0000000719000000|100%| E|CS|TAMS 0x0000000718e00000, 0x0000000718e00000| Complete 
| 117|0x0000000719000000, 0x0000000719200000, 0x0000000719200000|100%| E|CS|TAMS 0x0000000719000000, 0x0000000719000000| Complete 
| 118|0x0000000719200000, 0x0000000719400000, 0x0000000719400000|100%| E|CS|TAMS 0x0000000719200000, 0x0000000719200000| Complete 
| 119|0x0000000719400000, 0x0000000719600000, 0x0000000719600000|100%| E|CS|TAMS 0x0000000719400000, 0x0000000719400000| Complete 
| 120|0x0000000719600000, 0x0000000719800000, 0x0000000719800000|100%| E|CS|TAMS 0x0000000719600000, 0x0000000719600000| Complete 
| 121|0x0000000719800000, 0x0000000719a00000, 0x0000000719a00000|100%| E|CS|TAMS 0x0000000719800000, 0x0000000719800000| Complete 
| 122|0x0000000719a00000, 0x0000000719c00000, 0x0000000719c00000|100%| E|CS|TAMS 0x0000000719a00000, 0x0000000719a00000| Complete 

Card table byte_map: [0x0000020f53420000,0x0000020f53bd0000] _byte_map_base: 0x0000020f4fbcd000

Marking Bits (Prev, Next): (CMBitMap*) 0x0000020f3bcb0240, (CMBitMap*) 0x0000020f3bcb0280
 Prev Bits: [0x0000020f54380000, 0x0000020f580e8000)
 Next Bits: [0x0000020f580f0000, 0x0000020f5be58000)

Polling page: 0x0000020f39c40000

Metaspace:

Usage:
  Non-class:     15.08 MB used.
      Class:      2.17 MB used.
       Both:     17.25 MB used.

Virtual space:
  Non-class space:       16.00 MB reserved,      15.12 MB ( 95%) committed,  2 nodes.
      Class space:        1.00 GB reserved,       2.25 MB ( <1%) committed,  1 nodes.
             Both:        1.02 GB reserved,      17.38 MB (  2%) committed. 

Chunk freelists:
   Non-Class:  128.00 KB
       Class:  1.60 MB
        Both:  1.72 MB

MaxMetaspaceSize: unlimited
CompressedClassSpaceSize: 1.00 GB
Initial GC threshold: 21.00 MB
Current GC threshold: 21.00 MB
CDS: on
MetaspaceReclaimPolicy: balanced
 - commit_granule_bytes: 65536.
 - commit_granule_words: 8192.
 - virtual_space_node_default_size: 1048576.
 - enlarge_chunks_in_place: 1.
 - new_chunks_are_fully_committed: 0.
 - uncommit_free_chunks: 1.
 - use_allocation_guard: 0.
 - handle_deallocations: 1.


Internal statistics:

num_allocs_failed_limit: 0.
num_arena_births: 88.
num_arena_deaths: 0.
num_vsnodes_births: 3.
num_vsnodes_deaths: 0.
num_space_committed: 278.
num_space_uncommitted: 0.
num_chunks_returned_to_freelist: 0.
num_chunks_taken_from_freelist: 632.
num_chunk_merges: 0.
num_chunk_splits: 467.
num_chunks_enlarged: 376.
num_purges: 0.
num_inconsistent_stats: 0.

CodeHeap 'non-profiled nmethods': size=120000Kb used=1602Kb max_used=1602Kb free=118397Kb
 bounds [0x0000020f4b1f0000, 0x0000020f4b460000, 0x0000020f52720000]
CodeHeap 'profiled nmethods': size=120000Kb used=6517Kb max_used=6517Kb free=113482Kb
 bounds [0x0000020f43cc0000, 0x0000020f44320000, 0x0000020f4b1f0000]
CodeHeap 'non-nmethods': size=5760Kb used=1230Kb max_used=1255Kb free=4530Kb
 bounds [0x0000020f43720000, 0x0000020f43990000, 0x0000020f43cc0000]
 total_blobs=3871 nmethods=3338 adapters=445
 compilation: enabled
              stopped_count=0, restarted_count=0
 full_count=0

Compilation events (20 events):
Event: 1.930 Thread 0x0000020f5eaf9040 3350       1       sun.nio.fs.WindowsPathParser$Result::path (5 bytes)
Event: 1.930 Thread 0x0000020f5eaf9040 nmethod 3350 0x0000020f4b37fd10 code [0x0000020f4b37fea0, 0x0000020f4b37ff78]
Event: 1.930 Thread 0x0000020f5eaf9040 3351       2       sun.nio.fs.WindowsPath::<init> (26 bytes)
Event: 1.931 Thread 0x0000020f5eaf9040 nmethod 3351 0x0000020f44318b10 code [0x0000020f44318ca0, 0x0000020f44318f38]
Event: 1.931 Thread 0x0000020f5eaf9040 3352       2       java.security.MessageDigest::update (14 bytes)
Event: 1.931 Thread 0x0000020f5eaf9040 nmethod 3352 0x0000020f44319010 code [0x0000020f443191a0, 0x0000020f443192e8]
Event: 1.931 Thread 0x0000020f5eaf9040 3354       2       sun.invoke.util.Wrapper::forPrimitiveType (49 bytes)
Event: 1.932 Thread 0x0000020f5eaf9040 nmethod 3354 0x0000020f44319410 code [0x0000020f44319660, 0x0000020f44319d28]
Event: 1.933 Thread 0x0000020f5eaf9040 3355       2       java.lang.PublicMethods$MethodList::filter (104 bytes)
Event: 1.934 Thread 0x0000020f5eaf9040 nmethod 3355 0x0000020f4431a190 code [0x0000020f4431a360, 0x0000020f4431a8b8]
Event: 1.937 Thread 0x0000020f5eaf9040 3357       2       java.io.FileInputStream::read (9 bytes)
Event: 1.937 Thread 0x0000020f5eaf9040 nmethod 3357 0x0000020f4431ac10 code [0x0000020f4431ada0, 0x0000020f4431aec8]
Event: 1.940 Thread 0x0000020f5eaf9040 3358       3       java.io.WinNTFileSystem::normalize (143 bytes)
Event: 1.941 Thread 0x0000020f5eaf9040 nmethod 3358 0x0000020f4431af90 code [0x0000020f4431b220, 0x0000020f4431bdf8]
Event: 1.948 Thread 0x0000020f5eaf9040 3359   !   2       java.nio.DirectByteBuffer::put (37 bytes)
Event: 1.948 Thread 0x0000020f5eaf9040 nmethod 3359 0x0000020f4431c290 code [0x0000020f4431c480, 0x0000020f4431c7d8]
Event: 1.948 Thread 0x0000020f5eaf9040 3360   !   2       jdk.internal.misc.ScopedMemoryAccess::putByte (25 bytes)
Event: 1.949 Thread 0x0000020f5eaf9040 nmethod 3360 0x0000020f4431cb10 code [0x0000020f4431ccc0, 0x0000020f4431cf38]
Event: 1.949 Thread 0x0000020f5eaf9040 3361   !   2       jdk.internal.misc.ScopedMemoryAccess::putByteInternal (37 bytes)
Event: 1.949 Thread 0x0000020f5eaf9040 nmethod 3361 0x0000020f4431d090 code [0x0000020f4431d220, 0x0000020f4431d3a8]

GC Heap History (6 events):
Event: 0.336 GC heap before
{Heap before GC invocations=0 (full 0):
 garbage-first heap   total 251904K, used 20480K [0x000000070a600000, 0x0000000800000000)
  region size 2048K, 11 young (22528K), 0 survivors (0K)
 Metaspace       used 3496K, committed 3648K, reserved 1056768K
  class space    used 355K, committed 448K, reserved 1048576K
}
Event: 0.339 GC heap after
{Heap after GC invocations=1 (full 0):
 garbage-first heap   total 251904K, used 7156K [0x000000070a600000, 0x0000000800000000)
  region size 2048K, 2 young (4096K), 2 survivors (4096K)
 Metaspace       used 3496K, committed 3648K, reserved 1056768K
  class space    used 355K, committed 448K, reserved 1048576K
}
Event: 0.586 GC heap before
{Heap before GC invocations=1 (full 0):
 garbage-first heap   total 251904K, used 29684K [0x000000070a600000, 0x0000000800000000)
  region size 2048K, 13 young (26624K), 2 survivors (4096K)
 Metaspace       used 6050K, committed 6272K, reserved 1056768K
  class space    used 719K, committed 832K, reserved 1048576K
}
Event: 0.590 GC heap after
{Heap after GC invocations=2 (full 0):
 garbage-first heap   total 251904K, used 11867K [0x000000070a600000, 0x0000000800000000)
  region size 2048K, 2 young (4096K), 2 survivors (4096K)
 Metaspace       used 6050K, committed 6272K, reserved 1056768K
  class space    used 719K, committed 832K, reserved 1048576K
}
Event: 1.117 GC heap before
{Heap before GC invocations=2 (full 0):
 garbage-first heap   total 251904K, used 56923K [0x000000070a600000, 0x0000000800000000)
  region size 2048K, 24 young (49152K), 2 survivors (4096K)
 Metaspace       used 12072K, committed 12224K, reserved 1064960K
  class space    used 1524K, committed 1600K, reserved 1048576K
}
Event: 1.123 GC heap after
{Heap after GC invocations=3 (full 0):
 garbage-first heap   total 251904K, used 17537K [0x000000070a600000, 0x0000000800000000)
  region size 2048K, 3 young (6144K), 3 survivors (6144K)
 Metaspace       used 12072K, committed 12224K, reserved 1064960K
  class space    used 1524K, committed 1600K, reserved 1048576K
}

Deoptimization events (20 events):
Event: 1.644 Thread 0x0000020f3bc61260 Uncommon trap: trap_request=0xffffff45 fr.pc=0x0000020f4b34b300 relative=0x00000000000010c0
Event: 1.644 Thread 0x0000020f3bc61260 Uncommon trap: reason=unstable_if action=reinterpret pc=0x0000020f4b34b300 method=java.util.concurrent.ConcurrentHashMap.putVal(Ljava/lang/Object;Ljava/lang/Object;Z)Ljava/lang/Object; @ 148 c2
Event: 1.644 Thread 0x0000020f3bc61260 DEOPT PACKING pc=0x0000020f4b34b300 sp=0x0000008960ffcf50
Event: 1.644 Thread 0x0000020f3bc61260 DEOPT UNPACKING pc=0x0000020f437723a3 sp=0x0000008960ffced0 mode 2
Event: 1.726 Thread 0x0000020f3bc61260 Uncommon trap: trap_request=0xffffffc6 fr.pc=0x0000020f4b29e3fc relative=0x0000000000000dfc
Event: 1.726 Thread 0x0000020f3bc61260 Uncommon trap: reason=bimorphic_or_optimized_type_check action=maybe_recompile pc=0x0000020f4b29e3fc method=java.util.HashMap.putVal(ILjava/lang/Object;Ljava/lang/Object;ZZ)Ljava/lang/Object; @ 203 c2
Event: 1.726 Thread 0x0000020f3bc61260 DEOPT PACKING pc=0x0000020f4b29e3fc sp=0x0000008960ffcf10
Event: 1.726 Thread 0x0000020f3bc61260 DEOPT UNPACKING pc=0x0000020f437723a3 sp=0x0000008960ffcec0 mode 2
Event: 1.728 Thread 0x0000020f3bc61260 Uncommon trap: trap_request=0xffffffc6 fr.pc=0x0000020f4b29e3fc relative=0x0000000000000dfc
Event: 1.728 Thread 0x0000020f3bc61260 Uncommon trap: reason=bimorphic_or_optimized_type_check action=maybe_recompile pc=0x0000020f4b29e3fc method=java.util.HashMap.putVal(ILjava/lang/Object;Ljava/lang/Object;ZZ)Ljava/lang/Object; @ 203 c2
Event: 1.728 Thread 0x0000020f3bc61260 DEOPT PACKING pc=0x0000020f4b29e3fc sp=0x0000008960ffcf10
Event: 1.728 Thread 0x0000020f3bc61260 DEOPT UNPACKING pc=0x0000020f437723a3 sp=0x0000008960ffcec0 mode 2
Event: 1.864 Thread 0x0000020f3bc61260 Uncommon trap: trap_request=0xffffff45 fr.pc=0x0000020f4b30f398 relative=0x00000000000036b8
Event: 1.864 Thread 0x0000020f3bc61260 Uncommon trap: reason=unstable_if action=reinterpret pc=0x0000020f4b30f398 method=jdk.internal.loader.URLClassPath.getResource(Ljava/lang/String;Z)Ljdk/internal/loader/Resource; @ 47 c2
Event: 1.864 Thread 0x0000020f3bc61260 DEOPT PACKING pc=0x0000020f4b30f398 sp=0x0000008960ffb7c0
Event: 1.864 Thread 0x0000020f3bc61260 DEOPT UNPACKING pc=0x0000020f437723a3 sp=0x0000008960ffb810 mode 2
Event: 1.929 Thread 0x0000020f3bc61260 Uncommon trap: trap_request=0xffffff45 fr.pc=0x0000020f4b2887a0 relative=0x00000000000013c0
Event: 1.929 Thread 0x0000020f3bc61260 Uncommon trap: reason=unstable_if action=reinterpret pc=0x0000020f4b2887a0 method=java.io.WinNTFileSystem.normalize(Ljava/lang/String;)Ljava/lang/String; @ 128 c2
Event: 1.929 Thread 0x0000020f3bc61260 DEOPT PACKING pc=0x0000020f4b2887a0 sp=0x0000008960ffbc60
Event: 1.929 Thread 0x0000020f3bc61260 DEOPT UNPACKING pc=0x0000020f437723a3 sp=0x0000008960ffbc38 mode 2

Classes unloaded (0 events):
No events

Classes redefined (0 events):
No events

Internal exceptions (20 events):
Event: 0.314 Thread 0x0000020f3bc61260 Exception <a 'java/lang/ClassNotFoundException'{0x00000007186a1330}: org/apache/log4j/LayoutBeanInfo> (0x00000007186a1330) 
thrown [e:\jenkins\tmp\workspace\build\src\src\hotspot\share\classfile\systemDictionary.cpp, line 256]
Event: 0.315 Thread 0x0000020f3bc61260 Exception <a 'java/lang/ClassNotFoundException'{0x00000007186a1d88}: java/lang/ObjectBeanInfo> (0x00000007186a1d88) 
thrown [e:\jenkins\tmp\workspace\build\src\src\hotspot\share\classfile\systemDictionary.cpp, line 256]
Event: 0.316 Thread 0x0000020f3bc61260 Exception <a 'java/lang/ClassNotFoundException'{0x00000007186a6e10}: java/lang/ObjectCustomizer> (0x00000007186a6e10) 
thrown [e:\jenkins\tmp\workspace\build\src\src\hotspot\share\classfile\systemDictionary.cpp, line 256]
Event: 0.319 Thread 0x0000020f3bc61260 Exception <a 'java/lang/NoSuchMethodError'{0x00000007186af168}: 'java.lang.Object java.lang.invoke.DirectMethodHandle$Holder.invokeInterface(java.lang.Object, java.lang.Object)'> (0x00000007186af168) 
thrown [e:\jenkins\tmp\workspace\build\src\src\hotspot\share\interpreter\linkResolver.cpp, line 766]
Event: 0.319 Thread 0x0000020f3bc61260 Exception <a 'java/lang/IncompatibleClassChangeError'{0x00000007186b2ad0}: Found class java.lang.Object, but interface was expected> (0x00000007186b2ad0) 
thrown [e:\jenkins\tmp\workspace\build\src\src\hotspot\share\interpreter\linkResolver.cpp, line 833]
Event: 0.323 Thread 0x0000020f3bc61260 Exception <a 'java/lang/ClassNotFoundException'{0x00000007186cc028}: org/apache/log4j/LayoutCustomizer> (0x00000007186cc028) 
thrown [e:\jenkins\tmp\workspace\build\src\src\hotspot\share\classfile\systemDictionary.cpp, line 256]
Event: 0.326 Thread 0x0000020f3bc61260 Exception <a 'java/lang/ClassNotFoundException'{0x00000007186db878}: org/apache/log4j/PatternLayoutCustomizer> (0x00000007186db878) 
thrown [e:\jenkins\tmp\workspace\build\src\src\hotspot\share\classfile\systemDictionary.cpp, line 256]
Event: 0.329 Thread 0x0000020f3bc61260 Implicit null exception at 0x0000020f4b227852 to 0x0000020f4b227e18
Event: 0.740 Thread 0x0000020f3bc61260 Exception <a 'java/lang/NoSuchMethodError'{0x0000000718cee340}: 'java.lang.Object java.lang.invoke.DirectMethodHandle$Holder.newInvokeSpecial(java.lang.Object, java.lang.Object, java.lang.Object, java.lang.Object, java.lang.Object)'> (0x0000000718cee340) 
thrown [e:\jenkins\tmp\workspace\build\src\src\hotspot\share\interpreter\linkResolver.cpp, line 766]
Event: 1.276 Thread 0x0000020f3bc61260 Exception <a 'java/io/FileNotFoundException'{0x00000007195bf9d0}> (0x00000007195bf9d0) 
thrown [e:\jenkins\tmp\workspace\build\src\src\hotspot\share\prims\jni.cpp, line 516]
Event: 1.356 Thread 0x0000020f3bc61260 Exception <a 'java/lang/NoSuchMethodError'{0x000000071904ea78}: 'void java.lang.invoke.DirectMethodHandle$Holder.invokeStatic(java.lang.Object, java.lang.Object, java.lang.Object, java.lang.Object)'> (0x000000071904ea78) 
thrown [e:\jenkins\tmp\workspace\build\src\src\hotspot\share\interpreter\linkResolver.cpp, line 766]
Event: 1.518 Thread 0x0000020f3bc61260 Implicit null exception at 0x0000020f4b3211ad to 0x0000020f4b323864
Event: 1.552 Thread 0x0000020f3bc61260 Exception <a 'java/io/FileNotFoundException'{0x000000071892e8a8}> (0x000000071892e8a8) 
thrown [e:\jenkins\tmp\workspace\build\src\src\hotspot\share\prims\jni.cpp, line 516]
Event: 1.555 Thread 0x0000020f3bc61260 Exception <a 'java/io/FileNotFoundException'{0x000000071893fbc8}> (0x000000071893fbc8) 
thrown [e:\jenkins\tmp\workspace\build\src\src\hotspot\share\prims\jni.cpp, line 516]
Event: 1.559 Thread 0x0000020f3bc61260 Exception <a 'java/io/FileNotFoundException'{0x0000000718972d98}> (0x0000000718972d98) 
thrown [e:\jenkins\tmp\workspace\build\src\src\hotspot\share\prims\jni.cpp, line 516]
Event: 1.746 Thread 0x0000020f3bc61260 Exception <a 'java/lang/reflect/InvocationTargetException'{0x0000000717f143a0}> (0x0000000717f143a0) 
thrown [e:\jenkins\tmp\workspace\build\src\src\hotspot\share\runtime\reflection.cpp, line 1121]
Event: 1.747 Thread 0x0000020f3bc61260 Exception <a 'java/lang/reflect/InvocationTargetException'{0x0000000717f30470}> (0x0000000717f30470) 
thrown [e:\jenkins\tmp\workspace\build\src\src\hotspot\share\runtime\reflection.cpp, line 1121]
Event: 1.748 Thread 0x0000020f3bc61260 Exception <a 'java/lang/reflect/InvocationTargetException'{0x0000000717f4c548}> (0x0000000717f4c548) 
thrown [e:\jenkins\tmp\workspace\build\src\src\hotspot\share\runtime\reflection.cpp, line 1121]
Event: 1.876 Thread 0x0000020f3bc61260 Exception <a 'java/lang/NoSuchMethodError'{0x000000071749c270}: 'java.lang.Object java.lang.invoke.DirectMethodHandle$Holder.invokeStaticInit(java.lang.Object, int, int, int, int)'> (0x000000071749c270) 
thrown [e:\jenkins\tmp\workspace\build\src\src\hotspot\share\interpreter\linkResolver.cpp, line 766]
Event: 1.931 Thread 0x0000020f3bc61260 Exception <a 'java/lang/NoSuchMethodError'{0x00000007174c4448}: 'java.lang.Object java.lang.invoke.DirectMethodHandle$Holder.invokeStaticInit(java.lang.Object, java.lang.Object, int, int, int, int)'> (0x00000007174c4448) 
thrown [e:\jenkins\tmp\workspace\build\src\src\hotspot\share\interpreter\linkResolver.cpp, line 766]

VM Operations (20 events):
Event: 1.288 Executing VM operation: HandshakeAllThreads
Event: 1.288 Executing VM operation: HandshakeAllThreads done
Event: 1.288 Executing VM operation: HandshakeAllThreads
Event: 1.288 Executing VM operation: HandshakeAllThreads done
Event: 1.332 Executing VM operation: ICBufferFull
Event: 1.333 Executing VM operation: ICBufferFull done
Event: 1.380 Executing VM operation: HandshakeAllThreads
Event: 1.380 Executing VM operation: HandshakeAllThreads done
Event: 1.402 Executing VM operation: HandshakeAllThreads
Event: 1.402 Executing VM operation: HandshakeAllThreads done
Event: 1.504 Executing VM operation: ICBufferFull
Event: 1.504 Executing VM operation: ICBufferFull done
Event: 1.628 Executing VM operation: ICBufferFull
Event: 1.628 Executing VM operation: ICBufferFull done
Event: 1.694 Executing VM operation: HandshakeAllThreads
Event: 1.694 Executing VM operation: HandshakeAllThreads done
Event: 1.802 Executing VM operation: ICBufferFull
Event: 1.802 Executing VM operation: ICBufferFull done
Event: 1.955 Executing VM operation: HandshakeAllThreads
Event: 1.955 Executing VM operation: HandshakeAllThreads done

Events (20 events):
Event: 1.933 loading class java/io/FileOutputStream$1 done
Event: 1.944 loading class java/lang/UnsatisfiedLinkError
Event: 1.944 loading class java/lang/UnsatisfiedLinkError done
Event: 1.945 loading class java/security/PrivilegedActionException
Event: 1.945 loading class java/security/PrivilegedActionException done
Event: 1.947 loading class java/nio/FloatBuffer
Event: 1.947 loading class java/nio/FloatBuffer done
Event: 1.947 loading class java/nio/DoubleBuffer
Event: 1.947 loading class java/nio/DoubleBuffer done
Event: 1.947 loading class java/nio/ShortBuffer
Event: 1.947 loading class java/nio/ShortBuffer done
Event: 1.947 loading class java/nio/DirectByteBuffer$Deallocator
Event: 1.947 loading class java/nio/DirectByteBuffer$Deallocator done
Event: 1.953 Loaded shared library C:\Users\hp\AppData\Local\Temp\libgdxhp\dc0f0009\lwjgl64.dll
Event: 1.956 loading class java/lang/reflect/InaccessibleObjectException
Event: 1.956 loading class java/lang/reflect/InaccessibleObjectException done
Event: 1.963 loading class sun/misc/Unsafe
Event: 1.963 loading class sun/misc/Unsafe done
Event: 1.964 loading class jdk/internal/access/foreign/MemorySegmentProxy
Event: 1.964 loading class jdk/internal/access/foreign/MemorySegmentProxy done


Dynamic libraries:
0x00007ff7809e0000 - 0x00007ff7809ee000 	C:\Program Files\Eclipse Adoptium\jdk-17.0.2.8-hotspot\bin\javaw.exe
0x00007ffe426b0000 - 0x00007ffe428a5000 	C:\Windows\SYSTEM32\ntdll.dll
0x00007ffe16560000 - 0x00007ffe16576000 	C:\Program Files\Avast Software\Avast\aswhook.dll
0x00007ffe414d0000 - 0x00007ffe4158d000 	C:\Windows\System32\KERNEL32.DLL
0x00007ffe3ff00000 - 0x00007ffe401cd000 	C:\Windows\System32\KERNELBASE.dll
0x00007ffe40460000 - 0x00007ffe40560000 	C:\Windows\System32\ucrtbase.dll
0x00007ffe2cc90000 - 0x00007ffe2cca8000 	C:\Program Files\Eclipse Adoptium\jdk-17.0.2.8-hotspot\bin\jli.dll
0x00007ffe39210000 - 0x00007ffe39229000 	C:\Program Files\Eclipse Adoptium\jdk-17.0.2.8-hotspot\bin\VCRUNTIME140.dll
0x00007ffe415c0000 - 0x00007ffe41760000 	C:\Windows\System32\USER32.dll
0x00007ffe3fed0000 - 0x00007ffe3fef2000 	C:\Windows\System32\win32u.dll
0x00007ffe29360000 - 0x00007ffe295fa000 	C:\Windows\WinSxS\amd64_microsoft.windows.common-controls_6595b64144ccf1df_6.0.19041.1110_none_60b5254171f9507e\COMCTL32.dll
0x00007ffe42290000 - 0x00007ffe422ba000 	C:\Windows\System32\GDI32.dll
0x00007ffe41a10000 - 0x00007ffe41aae000 	C:\Windows\System32\msvcrt.dll
0x00007ffe405f0000 - 0x00007ffe406fb000 	C:\Windows\System32\gdi32full.dll
0x00007ffe3fdc0000 - 0x00007ffe3fe5d000 	C:\Windows\System32\msvcp_win.dll
0x00007ffe40700000 - 0x00007ffe40730000 	C:\Windows\System32\IMM32.DLL
0x00007ffe36d40000 - 0x00007ffe36d4c000 	C:\Program Files\Eclipse Adoptium\jdk-17.0.2.8-hotspot\bin\vcruntime140_1.dll
0x00007ffdfc7c0000 - 0x00007ffdfc851000 	C:\Program Files\Eclipse Adoptium\jdk-17.0.2.8-hotspot\bin\msvcp140.dll
0x00007ffddd5c0000 - 0x00007ffdde207000 	C:\Program Files\Eclipse Adoptium\jdk-17.0.2.8-hotspot\bin\server\jvm.dll
0x00007ffe425c0000 - 0x00007ffe4266e000 	C:\Windows\System32\ADVAPI32.dll
0x00007ffe42320000 - 0x00007ffe423bc000 	C:\Windows\System32\sechost.dll
0x00007ffe40730000 - 0x00007ffe40855000 	C:\Windows\System32\RPCRT4.dll
0x00007ffe425b0000 - 0x00007ffe425b8000 	C:\Windows\System32\PSAPI.DLL
0x00007ffe365d0000 - 0x00007ffe365da000 	C:\Windows\SYSTEM32\VERSION.dll
0x00007ffe27d00000 - 0x00007ffe27d09000 	C:\Windows\SYSTEM32\WSOCK32.dll
0x00007ffe371b0000 - 0x00007ffe371d7000 	C:\Windows\SYSTEM32\WINMM.dll
0x00007ffe424e0000 - 0x00007ffe4254b000 	C:\Windows\System32\WS2_32.dll
0x00007ffe3dca0000 - 0x00007ffe3dcb2000 	C:\Windows\SYSTEM32\kernel.appcore.dll
0x00007ffe3d6d0000 - 0x00007ffe3d6da000 	C:\Program Files\Eclipse Adoptium\jdk-17.0.2.8-hotspot\bin\jimage.dll
0x00007ffe2d320000 - 0x00007ffe2d504000 	C:\Windows\SYSTEM32\DBGHELP.DLL
0x00007ffe2d2f0000 - 0x00007ffe2d31c000 	C:\Windows\SYSTEM32\dbgcore.DLL
0x00007ffe40560000 - 0x00007ffe405e2000 	C:\Windows\System32\bcryptPrimitives.dll
0x00007ffe262d0000 - 0x00007ffe262f5000 	C:\Program Files\Eclipse Adoptium\jdk-17.0.2.8-hotspot\bin\java.dll
0x00007ffdfbb40000 - 0x00007ffdfbc16000 	C:\Program Files\Eclipse Adoptium\jdk-17.0.2.8-hotspot\bin\jsvml.dll
0x00007ffe40a70000 - 0x00007ffe411b4000 	C:\Windows\System32\SHELL32.dll
0x00007ffe3dec0000 - 0x00007ffe3e654000 	C:\Windows\SYSTEM32\windows.storage.dll
0x00007ffe41ab0000 - 0x00007ffe41e04000 	C:\Windows\System32\combase.dll
0x00007ffe3f7b0000 - 0x00007ffe3f7dc000 	C:\Windows\SYSTEM32\Wldp.dll
0x00007ffe417d0000 - 0x00007ffe4187d000 	C:\Windows\System32\SHCORE.dll
0x00007ffe422c0000 - 0x00007ffe42315000 	C:\Windows\System32\shlwapi.dll
0x00007ffe3fd00000 - 0x00007ffe3fd1f000 	C:\Windows\SYSTEM32\profapi.dll
0x00007ffe3b780000 - 0x00007ffe3b799000 	C:\Program Files\Eclipse Adoptium\jdk-17.0.2.8-hotspot\bin\net.dll
0x00007ffe3aa50000 - 0x00007ffe3ab5a000 	C:\Windows\SYSTEM32\WINHTTP.dll
0x00007ffe3f510000 - 0x00007ffe3f57a000 	C:\Windows\system32\mswsock.dll
0x00007ffe3b720000 - 0x00007ffe3b735000 	C:\Program Files\Eclipse Adoptium\jdk-17.0.2.8-hotspot\bin\nio.dll
0x00007ffe398c0000 - 0x00007ffe398d8000 	C:\Program Files\Eclipse Adoptium\jdk-17.0.2.8-hotspot\bin\zip.dll
0x00007ffe3d660000 - 0x00007ffe3d670000 	C:\Program Files\Eclipse Adoptium\jdk-17.0.2.8-hotspot\bin\verify.dll
0x0000000065580000 - 0x0000000065616000 	C:\Users\hp\AppData\Local\Temp\libgdxhp\12dfaa03\gdx64.dll
0x00007ffe3f700000 - 0x00007ffe3f718000 	C:\Windows\SYSTEM32\CRYPTSP.dll
0x00007ffe3ee30000 - 0x00007ffe3ee64000 	C:\Windows\system32\rsaenh.dll
0x00007ffe40430000 - 0x00007ffe40457000 	C:\Windows\System32\bcrypt.dll
0x00007ffe3fcc0000 - 0x00007ffe3fcee000 	C:\Windows\SYSTEM32\USERENV.dll
0x00007ffe3f720000 - 0x00007ffe3f72c000 	C:\Windows\SYSTEM32\CRYPTBASE.dll
0x00007ffe3f1a0000 - 0x00007ffe3f1db000 	C:\Windows\SYSTEM32\IPHLPAPI.DLL
0x00007ffe41590000 - 0x00007ffe41598000 	C:\Windows\System32\NSI.dll
0x00007ffe37950000 - 0x00007ffe37967000 	C:\Windows\SYSTEM32\dhcpcsvc6.DLL
0x00007ffe376e0000 - 0x00007ffe376fd000 	C:\Windows\SYSTEM32\dhcpcsvc.DLL
0x00007ffe3f240000 - 0x00007ffe3f30b000 	C:\Windows\SYSTEM32\DNSAPI.dll
0x0000000180000000 - 0x0000000180053000 	C:\Users\hp\AppData\Local\Temp\libgdxhp\dc0f0009\lwjgl64.dll
0x00007ffe26300000 - 0x00007ffe26426000 	C:\Windows\SYSTEM32\OPENGL32.dll
0x00007ffe2bf70000 - 0x00007ffe2bf9c000 	C:\Windows\SYSTEM32\GLU32.dll
0x0000020f612f0000 - 0x0000020f61354000 	C:\Users\hp\AppData\Local\Temp\libgdxhp\dc0f0009\OpenAL64.dll
0x00007ffe41880000 - 0x00007ffe419aa000 	C:\Windows\System32\ole32.dll
0x00007ffe3d7c0000 - 0x00007ffe3d85e000 	C:\Windows\system32\uxtheme.dll
0x00007ffe40940000 - 0x00007ffe409e9000 	C:\Windows\System32\clbcatq.dll
0x00007ffdfb250000 - 0x00007ffdfb2ec000 	C:\Windows\SYSTEM32\dsound.dll
0x00007ffe3fb20000 - 0x00007ffe3fb6b000 	C:\Windows\SYSTEM32\powrprof.dll
0x00007ffe203a0000 - 0x00007ffe203c6000 	C:\Windows\SYSTEM32\winmmbase.dll
0x00007ffe3fb00000 - 0x00007ffe3fb12000 	C:\Windows\SYSTEM32\UMPDC.dll
0x00007ffe369f0000 - 0x00007ffe36a75000 	C:\Windows\System32\MMDevApi.dll
0x00007ffe3fb70000 - 0x00007ffe3fb9c000 	C:\Windows\System32\DEVOBJ.dll
0x00007ffe403e0000 - 0x00007ffe4042e000 	C:\Windows\System32\cfgmgr32.dll
0x00007ffe37320000 - 0x00007ffe374a2000 	C:\Windows\SYSTEM32\AUDIOSES.DLL
0x00007ffe411c0000 - 0x00007ffe4128d000 	C:\Windows\System32\OLEAUT32.dll

dbghelp: loaded successfully - version: 4.0.5 - missing functions: none
symbol engine: initialized successfully - sym options: 0x614 - pdb path: .;C:\Program Files\Eclipse Adoptium\jdk-17.0.2.8-hotspot\bin;C:\Windows\SYSTEM32;C:\Program Files\Avast Software\Avast;C:\Windows\WinSxS\amd64_microsoft.windows.common-controls_6595b64144ccf1df_6.0.19041.1110_none_60b5254171f9507e;C:\Program Files\Eclipse Adoptium\jdk-17.0.2.8-hotspot\bin\server;C:\Users\hp\AppData\Local\Temp\libgdxhp\12dfaa03;C:\Users\hp\AppData\Local\Temp\libgdxhp\dc0f0009

VM Arguments:
jvm_args: -Duser.language=es_AR -Dfile.encoding=UTF-8 
java_command: org.uqbar.project.wollok.launch.WollokLauncher -requestsPort 0 -eventsPort 0 -folder -dontValidate -coercingStrategy decimals -wf src/program.wpgm -darkMode
java_class_path (initial): C:\Users\hp\Desktop\Wollok\workspace\juegoNaves\bin;C:\Users\hp\Desktop\Wollok\plugins\com.ibm.icu_64.2.0.v20190507-1337.jar;C:\Users\hp\Desktop\Wollok\plugins\org.eclipse.xtext_2.20.0.v20191202-0915.jar;C:\Users\hp\Desktop\Wollok\plugins\org.eclipse.emf.ecore.xmi_2.16.0.v20190528-0725.jar;C:\Users\hp\Desktop\Wollok\plugins\org.eclipse.emf.ecore_2.20.0.v20190920-0401.jar;C:\Users\hp\Desktop\Wollok\plugins\org.eclipse.emf.common_2.17.0.v20190920-0401.jar;C:\Users\hp\Desktop\Wollok\plugins\org.antlr.runtime_3.2.0.v201101311130.jar;C:\Users\hp\Desktop\Wollok\plugins\com.google.inject_3.0.0.v201605172100.jar;C:\Users\hp\Desktop\Wollok\plugins\org.eclipse.emf.mwe.core_1.5.1.v20191121-1148.jar;C:\Users\hp\Desktop\Wollok\plugins\org.apache.commons.cli_1.2.0.v201404270220.jar;C:\Users\hp\Desktop\Wollok\plugins\org.eclipse.emf.mwe2.runtime_2.11.1.v20191121-1148.jar;C:\Users\hp\Desktop\Wollok\plugins\org.eclipse.emf.mwe.utils_1.5.1.v20191121-1148.jar;C:\Users\hp\Desktop\Wollok\plugins\org.eclipse.xtext.util_2.20.0.v20191202-0915.jar;C:\Users\hp\Desktop\Wollok\plugins\com.google.guava_27.1.0.v20190517-1946.jar;C:\Users\hp\Desktop\Wollok\plugins\javax.inject_1.0.0.v20091030.jar;C:\Users\hp\Desktop\Wollok\plugins\org.eclipse.xtext.generator_2.20.0.v20191202-0933.jar;C:\Users\hp\Desktop\Wollok\plugins\org.eclipse.xtext.xtext.generator_2.20.0.v20191202-0915.jar;C:\Users\hp\Desktop\Wollok\plugins\org.eclipse.xtext.xbase.lib_2.20.0.v20191202-0907.jar;C:\Users\hp\Desktop\Wollok\plugins\org.eclipse.emf.codegen.ecore_2.20.0.v20191012-0918.jar;C:\Users\hp\Desktop\Wollok\plugins\org.eclipse.emf.codegen_2.19.0.v20190821-1536.jar;C:\Users\hp\Desktop\Wollok\plugins\org.eclipse.xtend_2.2.0.v201605260315.jar;C:\Users\hp\Desktop\Wollok\plugins\org.eclipse.xpand_2.2.0.v201605260315.jar;C:\Users\hp\Desktop\Wollok\plugins\org.eclipse.xtend.typesystem.emf_2.2.0.v201605260315.jar;C:\Users\hp\Desktop\Wollok\plugins\org.uqbar.project.wollok_3.0.0.jar;C:\Users\hp\Desktop\W
Launcher Type: SUN_STANDARD

[Global flags]
     intx CICompilerCount                          = 4                                         {product} {ergonomic}
     uint ConcGCThreads                            = 3                                         {product} {ergonomic}
     uint G1ConcRefinementThreads                  = 10                                        {product} {ergonomic}
   size_t G1HeapRegionSize                         = 2097152                                   {product} {ergonomic}
    uintx GCDrainStackTargetSize                   = 64                                        {product} {ergonomic}
   size_t InitialHeapSize                          = 257949696                                 {product} {ergonomic}
   size_t MarkStackSize                            = 4194304                                   {product} {ergonomic}
   size_t MaxHeapSize                              = 4120903680                                {product} {ergonomic}
   size_t MaxNewSize                               = 2472542208                                {product} {ergonomic}
   size_t MinHeapDeltaBytes                        = 2097152                                   {product} {ergonomic}
   size_t MinHeapSize                              = 8388608                                   {product} {ergonomic}
    uintx NonNMethodCodeHeapSize                   = 5839372                                {pd product} {ergonomic}
    uintx NonProfiledCodeHeapSize                  = 122909434                              {pd product} {ergonomic}
    uintx ProfiledCodeHeapSize                     = 122909434                              {pd product} {ergonomic}
    uintx ReservedCodeCacheSize                    = 251658240                              {pd product} {ergonomic}
     bool SegmentedCodeCache                       = true                                      {product} {ergonomic}
   size_t SoftMaxHeapSize                          = 4120903680                             {manageable} {ergonomic}
     bool UseCompressedClassPointers               = true                           {product lp64_product} {ergonomic}
     bool UseCompressedOops                        = true                           {product lp64_product} {ergonomic}
     bool UseG1GC                                  = true                                      {product} {ergonomic}
     bool UseLargePagesIndividualAllocation        = false                                  {pd product} {ergonomic}

Logging:
Log output configuration:
 #0: stdout all=warning uptime,level,tags
 #1: stderr all=off uptime,level,tags

Environment Variables:
PATH=C:/Program Files/Eclipse Adoptium/jdk-17.0.2.8-hotspot/bin/server;C:/Program Files/Eclipse Adoptium/jdk-17.0.2.8-hotspot/bin;C:\Program Files\Eclipse Adoptium\jdk-17.0.2.8-hotspot\bin;C:\Windows\system32;C:\Windows;C:\Windows\System32\Wbem;C:\Windows\System32\WindowsPowerShell\v1.0\;C:\Windows\System32\OpenSSH\;C:\Program Files\Git\cmd;C:\Users\hp\AppData\Local\Programs\Python\Python310;C:\Users\hp\AppData\Local\Microsoft\WindowsApps;C:\Users\hp\AppData\Local\atom\bin;C:\Users\hp\AppData\Local\Programs\Microsoft VS Code\bin;C:\Users\hp\Desktop\Wollok;
USERNAME=hp
OS=Windows_NT
PROCESSOR_IDENTIFIER=AMD64 Family 23 Model 104 Stepping 1, AuthenticAMD



---------------  S Y S T E M  ---------------

OS:
 Windows 10 , 64 bit Build 19041 (10.0.19041.1706)
OS uptime: 12 days 15:51 hours

CPU: total 12 (initial active 12) (12 cores per cpu, 2 threads per core) family 23 model 104 stepping 1 microcode 0x0, cx8, cmov, fxsr, ht, mmx, 3dnowpref, sse, sse2, sse3, ssse3, sse4a, sse4.1, sse4.2, popcnt, lzcnt, tsc, tscinvbit, avx, avx2, aes, clmul, bmi1, bmi2, adx, sha, fma, vzeroupper, clflush, clflushopt

Memory: 4k page, system-wide physical 15713M (7763M free)
TotalPageFile size 18145M (AvailPageFile size 6429M)
current process WorkingSet (physical memory assigned to process): 210M, peak: 214M
current process commit charge ("private bytes"): 444M, peak: 447M

vm_info: OpenJDK 64-Bit Server VM (17.0.2+8) for windows-amd64 JRE (17.0.2+8), built on Jan 20 2022 04:52:34 by "" with MS VC++ 16.7 (VS2019)

END.
